2021-02-22 05:37:17.349 [main] INFO  com.rpa.ExcelComparison - ------------------
2021-02-22 05:37:17.351 [main] INFO  com.rpa.ExcelComparison - 1. Excel Tablosu:  Sezai Çelik - s.celik@hotmail.com - 5397806627
2021-02-22 05:37:17.351 [main] INFO  com.rpa.ExcelComparison - 2. Excel Tablosu:  Sezai Çelik - s.celik@hotmail.com - 5397806627
2021-02-22 05:37:17.354 [main] INFO  com.rpa.ExcelComparison - Sonuç: Eşleşiyor, Dosyaya yazdırıldı.
2021-02-22 05:37:17.354 [main] INFO  com.rpa.ExcelComparison - ------------------ 

2021-02-22 05:37:17.355 [main] INFO  com.rpa.ExcelComparison - ------------------
2021-02-22 05:37:17.355 [main] INFO  com.rpa.ExcelComparison - 1. Excel Tablosu:  Ahmet Duman - ahmet.duman@gmail.com - 5452233422
2021-02-22 05:37:17.355 [main] INFO  com.rpa.ExcelComparison - 2. Excel Tablosu:  Ahmet Duman - a.duman@gmail.com - 5452233432
2021-02-22 05:37:17.355 [main] INFO  com.rpa.ExcelComparison -   Mail eşleşmiyor veya boş | Telefon eşleşmiyor veya boş
2021-02-22 05:37:17.355 [main] INFO  com.rpa.ExcelComparison - ------------------ 

2021-02-22 05:37:17.356 [main] INFO  com.rpa.ExcelComparison - ------------------
2021-02-22 05:37:17.356 [main] INFO  com.rpa.ExcelComparison - 1. Excel Tablosu:  Tuncay Demir - tuncay.demir@optiim.com - 5351239232
2021-02-22 05:37:17.356 [main] INFO  com.rpa.ExcelComparison - 2. Excel Tablosu:  Tuncay Demir - t.demir@optiim.com - 5351239273
2021-02-22 05:37:17.356 [main] INFO  com.rpa.ExcelComparison -   Mail eşleşmiyor veya boş | Telefon eşleşmiyor veya boş
2021-02-22 05:37:17.356 [main] INFO  com.rpa.ExcelComparison - ------------------ 

2021-02-22 05:37:17.357 [main] INFO  com.rpa.ExcelComparison - ------------------
2021-02-22 05:37:17.357 [main] INFO  com.rpa.ExcelComparison - 1. Excel Tablosu:  Zeynep Altınsoy -  - 1.telefon boş
2021-02-22 05:37:17.357 [main] INFO  com.rpa.ExcelComparison - 2. Excel Tablosu:  Zeynep Altınsoy - z.altinsoy@gmail.com - 5428776767
2021-02-22 05:37:17.357 [main] INFO  com.rpa.ExcelComparison -   Mail eşleşmiyor veya boş | Telefon eşleşmiyor veya boş
2021-02-22 05:37:17.357 [main] INFO  com.rpa.ExcelComparison - ------------------ 

2021-02-22 05:37:17.358 [main] INFO  com.rpa.ExcelComparison - ------------------
2021-02-22 05:37:17.358 [main] INFO  com.rpa.ExcelComparison - 1. Excel Tablosu:  Asli Gümüşsu - a.gumussu@hotmail.com - 5437678987
2021-02-22 05:37:17.358 [main] INFO  com.rpa.ExcelComparison - 2. Excel Tablosu:  Asli Gümüşsu - a.gumussu@hotmail.com - 5437678987
2021-02-22 05:37:17.361 [main] INFO  com.rpa.ExcelComparison - Sonuç: Eşleşiyor, Dosyaya yazdırıldı.
2021-02-22 05:37:17.361 [main] INFO  com.rpa.ExcelComparison - ------------------ 

2021-02-22 05:37:17.361 [main] INFO  com.rpa.ExcelComparison - ------------------
2021-02-22 05:37:17.361 [main] INFO  com.rpa.ExcelComparison - 1. Excel Tablosu:  Serdar Ay - s.ay@hotmail.com - 1.telefon boş
2021-02-22 05:37:17.361 [main] INFO  com.rpa.ExcelComparison - 2. Excel Tablosu:  Serdar Ay - s.ay@hotmail.com - 2.telefon boş
2021-02-22 05:37:17.364 [main] INFO  com.rpa.ExcelComparison - Sonuç: Eşleşiyor, Dosyaya yazdırıldı.
2021-02-22 05:37:17.364 [main] INFO  com.rpa.ExcelComparison - ------------------ 

2021-02-22 05:37:17.364 [main] INFO  com.rpa.ExcelComparison - ------------------
2021-02-22 05:37:17.364 [main] INFO  com.rpa.ExcelComparison - 1. Excel Tablosu:  Mehmet Beşli - m.besli@optiim.com - 5348778000
2021-02-22 05:37:17.365 [main] INFO  com.rpa.ExcelComparison - 2. Excel Tablosu:  Mehmet Beşli - m.besli@optiim.com - 5348778000
2021-02-22 05:37:17.367 [main] INFO  com.rpa.ExcelComparison - Sonuç: Eşleşiyor, Dosyaya yazdırıldı.
2021-02-22 05:37:17.367 [main] INFO  com.rpa.ExcelComparison - ------------------ 

2021-02-22 05:37:17.368 [main] INFO  com.rpa.ExcelComparison - ------------------
2021-02-22 05:37:17.368 [main] INFO  com.rpa.ExcelComparison - 1. Excel Tablosu:  Mesut Çelik - mesutcelik@optiim.com - 5557879340
2021-02-22 05:37:17.368 [main] INFO  com.rpa.ExcelComparison - 2. Excel Tablosu:  Mesut Çelik - m.celik@optiim.com - 5557879870
2021-02-22 05:37:17.368 [main] INFO  com.rpa.ExcelComparison -   Mail eşleşmiyor veya boş | Telefon eşleşmiyor veya boş
2021-02-22 05:37:17.369 [main] INFO  com.rpa.ExcelComparison - ------------------ 

2021-02-22 05:37:17.369 [main] INFO  com.rpa.ExcelComparison - ------------------
2021-02-22 05:37:17.369 [main] INFO  com.rpa.ExcelComparison - 1. Excel Tablosu:  Hasibe Duman - 1. email boş - 5318900098
2021-02-22 05:37:17.370 [main] INFO  com.rpa.ExcelComparison - 2. Excel Tablosu:  Hasibe Duman - 2. email boş - 5318900098
2021-02-22 05:37:17.372 [main] INFO  com.rpa.ExcelComparison - Sonuç: Eşleşiyor, Dosyaya yazdırıldı.
2021-02-22 05:37:17.372 [main] INFO  com.rpa.ExcelComparison - ------------------ 

2021-02-22 05:37:17.373 [main] INFO  com.rpa.ExcelComparison - ------------------
2021-02-22 05:37:17.373 [main] INFO  com.rpa.ExcelComparison - 1. Excel Tablosu:  Hakan Soylu - h.soylu@optiim.com - 5318900228
2021-02-22 05:37:17.373 [main] INFO  com.rpa.ExcelComparison - 2. Excel Tablosu:  Hakan Soylu - h.soylu@optiim.com - 5318900228
2021-02-22 05:37:17.376 [main] INFO  com.rpa.ExcelComparison - Sonuç: Eşleşiyor, Dosyaya yazdırıldı.
2021-02-22 05:37:17.376 [main] INFO  com.rpa.ExcelComparison - ------------------ 

2021-02-22 05:37:17.377 [main] INFO  com.rpa.ExcelComparison - ------------------
2021-02-22 05:37:17.377 [main] INFO  com.rpa.ExcelComparison - 1. Excel Tablosu:  Sezai Çelik - sezaicelik12@hotmail.com - 5397806619
2021-02-22 05:37:17.377 [main] INFO  com.rpa.ExcelComparison - 2. Excel Tablosu:  Sezai Çelik - sezaicelik12@hotmail.com - 5397806619
2021-02-22 05:37:17.379 [main] INFO  com.rpa.ExcelComparison - Sonuç: Eşleşiyor, Dosyaya yazdırıldı.
2021-02-22 05:37:17.380 [main] INFO  com.rpa.ExcelComparison - ------------------ 

